INFO: COMMAND: train.py --data data/en-fr/prepared --source-lang fr --target-lang en --save-dir assignments/03/with_batch_100/checkpoints --log-file assignments/03/with_batch_100/exp.log --batch-size 100 --cuda
INFO: Arguments: {'cuda': True, 'data': 'data/en-fr/prepared', 'source_lang': 'fr', 'target_lang': 'en', 'max_tokens': None, 'batch_size': 100, 'train_on_tiny': False, 'arch': 'lstm', 'max_epoch': 10000, 'clip_norm': 4.0, 'lr': 0.0003, 'patience': 3, 'log_file': 'assignments/03/with_batch_100/exp.log', 'save_dir': 'assignments/03/with_batch_100/checkpoints', 'restore_file': 'checkpoint_last.pt', 'save_interval': 1, 'no_save': False, 'epoch_checkpoints': False, 'encoder_embed_dim': 64, 'encoder_embed_path': None, 'encoder_hidden_size': 64, 'encoder_num_layers': 1, 'encoder_bidirectional': 'True', 'encoder_dropout_in': 0.25, 'encoder_dropout_out': 0.25, 'decoder_embed_dim': 64, 'decoder_embed_path': None, 'decoder_hidden_size': 128, 'decoder_num_layers': 1, 'decoder_dropout_in': 0.25, 'decoder_dropout_out': 0.25, 'decoder_use_attention': 'True', 'decoder_use_lexical_model': 'False', 'device_id': 0}
INFO: Loaded a source dictionary (fr) with 6000 words
INFO: Loaded a target dictionary (en) with 6000 words
INFO: Built a model with 1822576 parameters
INFO: Epoch 000: loss 6.578 | lr 0.0003 | num_tokens 12.74 | batch_size 100 | grad_norm 7.172 | clip 0.8533
INFO: Epoch 000: valid_loss 5.62 | num_tokens 9.14 | batch_size 500 | valid_perplexity 275
INFO: Epoch 001: loss 5.455 | lr 0.0003 | num_tokens 12.74 | batch_size 100 | grad_norm 7.633 | clip 1
INFO: Epoch 001: valid_loss 5.52 | num_tokens 9.14 | batch_size 500 | valid_perplexity 249
INFO: Epoch 002: loss 5.233 | lr 0.0003 | num_tokens 12.74 | batch_size 100 | grad_norm 8.23 | clip 0.9
INFO: Epoch 002: valid_loss 5.49 | num_tokens 9.14 | batch_size 500 | valid_perplexity 243
INFO: Epoch 003: loss 5.164 | lr 0.0003 | num_tokens 12.74 | batch_size 100 | grad_norm 10.06 | clip 0.9067
INFO: Epoch 003: valid_loss 5.35 | num_tokens 9.14 | batch_size 500 | valid_perplexity 211
INFO: Epoch 004: loss 5.053 | lr 0.0003 | num_tokens 12.74 | batch_size 100 | grad_norm 9.014 | clip 0.8933
INFO: Epoch 004: valid_loss 5.16 | num_tokens 9.14 | batch_size 500 | valid_perplexity 174
INFO: Epoch 005: loss 4.971 | lr 0.0003 | num_tokens 12.74 | batch_size 100 | grad_norm 10.7 | clip 0.8933
INFO: Epoch 005: valid_loss 5 | num_tokens 9.14 | batch_size 500 | valid_perplexity 149
INFO: Epoch 006: loss 4.88 | lr 0.0003 | num_tokens 12.74 | batch_size 100 | grad_norm 8.696 | clip 0.8333
INFO: Epoch 006: valid_loss 4.87 | num_tokens 9.14 | batch_size 500 | valid_perplexity 130
INFO: Epoch 007: loss 4.781 | lr 0.0003 | num_tokens 12.74 | batch_size 100 | grad_norm 8.277 | clip 0.82
INFO: Epoch 007: valid_loss 4.8 | num_tokens 9.14 | batch_size 500 | valid_perplexity 122
INFO: Epoch 008: loss 4.707 | lr 0.0003 | num_tokens 12.74 | batch_size 100 | grad_norm 7.84 | clip 0.8667
INFO: Epoch 008: valid_loss 4.73 | num_tokens 9.14 | batch_size 500 | valid_perplexity 113
INFO: Epoch 009: loss 4.634 | lr 0.0003 | num_tokens 12.74 | batch_size 100 | grad_norm 7.652 | clip 0.8267
INFO: Epoch 009: valid_loss 4.68 | num_tokens 9.14 | batch_size 500 | valid_perplexity 108
INFO: Epoch 010: loss 4.562 | lr 0.0003 | num_tokens 12.74 | batch_size 100 | grad_norm 7.344 | clip 0.8133
INFO: Epoch 010: valid_loss 4.59 | num_tokens 9.14 | batch_size 500 | valid_perplexity 98.2
INFO: Epoch 011: loss 4.482 | lr 0.0003 | num_tokens 12.74 | batch_size 100 | grad_norm 8.176 | clip 0.78
INFO: Epoch 011: valid_loss 4.49 | num_tokens 9.14 | batch_size 500 | valid_perplexity 89.2
INFO: Epoch 012: loss 4.403 | lr 0.0003 | num_tokens 12.74 | batch_size 100 | grad_norm 7.488 | clip 0.76
INFO: Epoch 012: valid_loss 4.42 | num_tokens 9.14 | batch_size 500 | valid_perplexity 83.3
INFO: Epoch 013: loss 4.34 | lr 0.0003 | num_tokens 12.74 | batch_size 100 | grad_norm 7.778 | clip 0.74
INFO: Epoch 013: valid_loss 4.38 | num_tokens 9.14 | batch_size 500 | valid_perplexity 80.1
INFO: Epoch 014: loss 4.277 | lr 0.0003 | num_tokens 12.74 | batch_size 100 | grad_norm 9.165 | clip 0.7533
INFO: Epoch 014: valid_loss 4.3 | num_tokens 9.14 | batch_size 500 | valid_perplexity 73.7
INFO: Epoch 015: loss 4.197 | lr 0.0003 | num_tokens 12.74 | batch_size 100 | grad_norm 8.018 | clip 0.78
INFO: Epoch 015: valid_loss 4.25 | num_tokens 9.14 | batch_size 500 | valid_perplexity 69.8
INFO: Epoch 016: loss 4.132 | lr 0.0003 | num_tokens 12.74 | batch_size 100 | grad_norm 7.463 | clip 0.7667
INFO: Epoch 016: valid_loss 4.16 | num_tokens 9.14 | batch_size 500 | valid_perplexity 64.2
INFO: Epoch 017: loss 4.052 | lr 0.0003 | num_tokens 12.74 | batch_size 100 | grad_norm 7.922 | clip 0.7667
INFO: Epoch 017: valid_loss 4.12 | num_tokens 9.14 | batch_size 500 | valid_perplexity 61.5
INFO: Epoch 018: loss 3.982 | lr 0.0003 | num_tokens 12.74 | batch_size 100 | grad_norm 8.877 | clip 0.8133
INFO: Epoch 018: valid_loss 4.03 | num_tokens 9.14 | batch_size 500 | valid_perplexity 56.2
INFO: Epoch 019: loss 3.918 | lr 0.0003 | num_tokens 12.74 | batch_size 100 | grad_norm 8.666 | clip 0.8067
INFO: Epoch 019: valid_loss 3.95 | num_tokens 9.14 | batch_size 500 | valid_perplexity 51.9
INFO: Epoch 020: loss 3.848 | lr 0.0003 | num_tokens 12.74 | batch_size 100 | grad_norm 9.657 | clip 0.82
INFO: Epoch 020: valid_loss 3.91 | num_tokens 9.14 | batch_size 500 | valid_perplexity 49.8
INFO: Epoch 021: loss 3.792 | lr 0.0003 | num_tokens 12.74 | batch_size 100 | grad_norm 9.058 | clip 0.8133
INFO: Epoch 021: valid_loss 3.85 | num_tokens 9.14 | batch_size 500 | valid_perplexity 47.1
INFO: Epoch 022: loss 3.735 | lr 0.0003 | num_tokens 12.74 | batch_size 100 | grad_norm 9.195 | clip 0.8533
INFO: Epoch 022: valid_loss 3.78 | num_tokens 9.14 | batch_size 500 | valid_perplexity 43.8
INFO: Epoch 023: loss 3.678 | lr 0.0003 | num_tokens 12.74 | batch_size 100 | grad_norm 8.76 | clip 0.8333
INFO: Epoch 023: valid_loss 3.77 | num_tokens 9.14 | batch_size 500 | valid_perplexity 43.5
INFO: Epoch 024: loss 3.636 | lr 0.0003 | num_tokens 12.74 | batch_size 100 | grad_norm 9.697 | clip 0.84
INFO: Epoch 024: valid_loss 3.72 | num_tokens 9.14 | batch_size 500 | valid_perplexity 41.1
INFO: Epoch 025: loss 3.587 | lr 0.0003 | num_tokens 12.74 | batch_size 100 | grad_norm 9.733 | clip 0.8333
INFO: Epoch 025: valid_loss 3.66 | num_tokens 9.14 | batch_size 500 | valid_perplexity 38.7
INFO: Epoch 026: loss 3.542 | lr 0.0003 | num_tokens 12.74 | batch_size 100 | grad_norm 10.17 | clip 0.8467
INFO: Epoch 026: valid_loss 3.64 | num_tokens 9.14 | batch_size 500 | valid_perplexity 38.2
INFO: Epoch 027: loss 3.497 | lr 0.0003 | num_tokens 12.74 | batch_size 100 | grad_norm 9.556 | clip 0.8467
INFO: Epoch 027: valid_loss 3.58 | num_tokens 9.14 | batch_size 500 | valid_perplexity 35.9
INFO: Epoch 028: loss 3.457 | lr 0.0003 | num_tokens 12.74 | batch_size 100 | grad_norm 10.57 | clip 0.8467
INFO: Epoch 028: valid_loss 3.53 | num_tokens 9.14 | batch_size 500 | valid_perplexity 34.2
INFO: Epoch 029: loss 3.413 | lr 0.0003 | num_tokens 12.74 | batch_size 100 | grad_norm 10.08 | clip 0.8867
INFO: Epoch 029: valid_loss 3.51 | num_tokens 9.14 | batch_size 500 | valid_perplexity 33.6
INFO: Epoch 030: loss 3.379 | lr 0.0003 | num_tokens 12.74 | batch_size 100 | grad_norm 10.78 | clip 0.9
INFO: Epoch 030: valid_loss 3.49 | num_tokens 9.14 | batch_size 500 | valid_perplexity 32.8
INFO: Epoch 031: loss 3.343 | lr 0.0003 | num_tokens 12.74 | batch_size 100 | grad_norm 10.52 | clip 0.92
INFO: Epoch 031: valid_loss 3.46 | num_tokens 9.14 | batch_size 500 | valid_perplexity 31.7
INFO: Epoch 032: loss 3.309 | lr 0.0003 | num_tokens 12.74 | batch_size 100 | grad_norm 10.2 | clip 0.92
INFO: Epoch 032: valid_loss 3.4 | num_tokens 9.14 | batch_size 500 | valid_perplexity 30.1
INFO: Epoch 033: loss 3.274 | lr 0.0003 | num_tokens 12.74 | batch_size 100 | grad_norm 10.85 | clip 0.94
INFO: Epoch 033: valid_loss 3.39 | num_tokens 9.14 | batch_size 500 | valid_perplexity 29.6
INFO: Epoch 034: loss 3.243 | lr 0.0003 | num_tokens 12.74 | batch_size 100 | grad_norm 11.76 | clip 0.9067
INFO: Epoch 034: valid_loss 3.38 | num_tokens 9.14 | batch_size 500 | valid_perplexity 29.3
INFO: Epoch 035: loss 3.216 | lr 0.0003 | num_tokens 12.74 | batch_size 100 | grad_norm 11.22 | clip 0.9133
INFO: Epoch 035: valid_loss 3.36 | num_tokens 9.14 | batch_size 500 | valid_perplexity 28.8
INFO: Epoch 036: loss 3.181 | lr 0.0003 | num_tokens 12.74 | batch_size 100 | grad_norm 11.02 | clip 0.9
INFO: Epoch 036: valid_loss 3.28 | num_tokens 9.14 | batch_size 500 | valid_perplexity 26.7
INFO: Epoch 037: loss 3.147 | lr 0.0003 | num_tokens 12.74 | batch_size 100 | grad_norm 13.6 | clip 0.8933
INFO: Epoch 037: valid_loss 3.28 | num_tokens 9.14 | batch_size 500 | valid_perplexity 26.5
INFO: Epoch 038: loss 3.122 | lr 0.0003 | num_tokens 12.74 | batch_size 100 | grad_norm 10.42 | clip 0.9133
INFO: Epoch 038: valid_loss 3.25 | num_tokens 9.14 | batch_size 500 | valid_perplexity 25.7
INFO: Epoch 039: loss 3.089 | lr 0.0003 | num_tokens 12.74 | batch_size 100 | grad_norm 10.73 | clip 0.9
INFO: Epoch 039: valid_loss 3.24 | num_tokens 9.14 | batch_size 500 | valid_perplexity 25.5
INFO: Epoch 040: loss 3.06 | lr 0.0003 | num_tokens 12.74 | batch_size 100 | grad_norm 11.26 | clip 0.92
INFO: Epoch 040: valid_loss 3.19 | num_tokens 9.14 | batch_size 500 | valid_perplexity 24.2
INFO: Epoch 041: loss 3.035 | lr 0.0003 | num_tokens 12.74 | batch_size 100 | grad_norm 11.18 | clip 0.9067
INFO: Epoch 041: valid_loss 3.18 | num_tokens 9.14 | batch_size 500 | valid_perplexity 24.1
INFO: Epoch 042: loss 3.009 | lr 0.0003 | num_tokens 12.74 | batch_size 100 | grad_norm 13.86 | clip 0.9067
INFO: Epoch 042: valid_loss 3.16 | num_tokens 9.14 | batch_size 500 | valid_perplexity 23.6
INFO: Epoch 043: loss 2.979 | lr 0.0003 | num_tokens 12.74 | batch_size 100 | grad_norm 10.98 | clip 0.9067
INFO: Epoch 043: valid_loss 3.15 | num_tokens 9.14 | batch_size 500 | valid_perplexity 23.3
INFO: Epoch 044: loss 2.952 | lr 0.0003 | num_tokens 12.74 | batch_size 100 | grad_norm 11.4 | clip 0.9133
INFO: Epoch 044: valid_loss 3.12 | num_tokens 9.14 | batch_size 500 | valid_perplexity 22.6
INFO: Epoch 045: loss 2.926 | lr 0.0003 | num_tokens 12.74 | batch_size 100 | grad_norm 11.48 | clip 0.9067
INFO: Epoch 045: valid_loss 3.11 | num_tokens 9.14 | batch_size 500 | valid_perplexity 22.3
INFO: Epoch 046: loss 2.902 | lr 0.0003 | num_tokens 12.74 | batch_size 100 | grad_norm 14.56 | clip 0.9267
INFO: Epoch 046: valid_loss 3.09 | num_tokens 9.14 | batch_size 500 | valid_perplexity 22
INFO: Epoch 047: loss 2.877 | lr 0.0003 | num_tokens 12.74 | batch_size 100 | grad_norm 12.4 | clip 0.92
INFO: Epoch 047: valid_loss 3.05 | num_tokens 9.14 | batch_size 500 | valid_perplexity 21
INFO: Epoch 048: loss 2.85 | lr 0.0003 | num_tokens 12.74 | batch_size 100 | grad_norm 12.06 | clip 0.9067
INFO: Epoch 048: valid_loss 3.06 | num_tokens 9.14 | batch_size 500 | valid_perplexity 21.2
INFO: Epoch 049: loss 2.827 | lr 0.0003 | num_tokens 12.74 | batch_size 100 | grad_norm 13.78 | clip 0.92
INFO: Epoch 049: valid_loss 3.03 | num_tokens 9.14 | batch_size 500 | valid_perplexity 20.8
INFO: Epoch 050: loss 2.804 | lr 0.0003 | num_tokens 12.74 | batch_size 100 | grad_norm 15.16 | clip 0.9333
INFO: Epoch 050: valid_loss 3.03 | num_tokens 9.14 | batch_size 500 | valid_perplexity 20.7
INFO: Epoch 051: loss 2.778 | lr 0.0003 | num_tokens 12.74 | batch_size 100 | grad_norm 11.62 | clip 0.9333
INFO: Epoch 051: valid_loss 3 | num_tokens 9.14 | batch_size 500 | valid_perplexity 20.1
INFO: Epoch 052: loss 2.753 | lr 0.0003 | num_tokens 12.74 | batch_size 100 | grad_norm 12.76 | clip 0.9133
INFO: Epoch 052: valid_loss 2.98 | num_tokens 9.14 | batch_size 500 | valid_perplexity 19.6
INFO: Epoch 053: loss 2.734 | lr 0.0003 | num_tokens 12.74 | batch_size 100 | grad_norm 11.37 | clip 0.9333
INFO: Epoch 053: valid_loss 2.98 | num_tokens 9.14 | batch_size 500 | valid_perplexity 19.6
INFO: Epoch 054: loss 2.706 | lr 0.0003 | num_tokens 12.74 | batch_size 100 | grad_norm 12.29 | clip 0.9267
INFO: Epoch 054: valid_loss 2.97 | num_tokens 9.14 | batch_size 500 | valid_perplexity 19.5
INFO: Epoch 055: loss 2.685 | lr 0.0003 | num_tokens 12.74 | batch_size 100 | grad_norm 12.7 | clip 0.9333
INFO: Epoch 055: valid_loss 2.93 | num_tokens 9.14 | batch_size 500 | valid_perplexity 18.8
INFO: Epoch 056: loss 2.662 | lr 0.0003 | num_tokens 12.74 | batch_size 100 | grad_norm 12.77 | clip 0.94
INFO: Epoch 056: valid_loss 2.93 | num_tokens 9.14 | batch_size 500 | valid_perplexity 18.8
INFO: Epoch 057: loss 2.642 | lr 0.0003 | num_tokens 12.74 | batch_size 100 | grad_norm 14.1 | clip 0.94
INFO: Epoch 057: valid_loss 2.91 | num_tokens 9.14 | batch_size 500 | valid_perplexity 18.4
INFO: Epoch 058: loss 2.619 | lr 0.0003 | num_tokens 12.74 | batch_size 100 | grad_norm 12.03 | clip 0.9333
INFO: Epoch 058: valid_loss 2.9 | num_tokens 9.14 | batch_size 500 | valid_perplexity 18.2
INFO: Epoch 059: loss 2.597 | lr 0.0003 | num_tokens 12.74 | batch_size 100 | grad_norm 11.81 | clip 0.9267
INFO: Epoch 059: valid_loss 2.9 | num_tokens 9.14 | batch_size 500 | valid_perplexity 18.2
INFO: Epoch 060: loss 2.576 | lr 0.0003 | num_tokens 12.74 | batch_size 100 | grad_norm 15.59 | clip 0.9467
INFO: Epoch 060: valid_loss 2.88 | num_tokens 9.14 | batch_size 500 | valid_perplexity 17.9
INFO: Epoch 061: loss 2.557 | lr 0.0003 | num_tokens 12.74 | batch_size 100 | grad_norm 12.36 | clip 0.92
INFO: Epoch 061: valid_loss 2.88 | num_tokens 9.14 | batch_size 500 | valid_perplexity 17.8
INFO: Epoch 062: loss 2.535 | lr 0.0003 | num_tokens 12.74 | batch_size 100 | grad_norm 12.45 | clip 0.94
INFO: Epoch 062: valid_loss 2.85 | num_tokens 9.14 | batch_size 500 | valid_perplexity 17.3
INFO: Epoch 063: loss 2.515 | lr 0.0003 | num_tokens 12.74 | batch_size 100 | grad_norm 13.47 | clip 0.9333
INFO: Epoch 063: valid_loss 2.84 | num_tokens 9.14 | batch_size 500 | valid_perplexity 17.1
INFO: Epoch 064: loss 2.493 | lr 0.0003 | num_tokens 12.74 | batch_size 100 | grad_norm 12.46 | clip 0.9333
INFO: Epoch 064: valid_loss 2.84 | num_tokens 9.14 | batch_size 500 | valid_perplexity 17
INFO: Epoch 065: loss 2.474 | lr 0.0003 | num_tokens 12.74 | batch_size 100 | grad_norm 15.12 | clip 0.94
INFO: Epoch 065: valid_loss 2.82 | num_tokens 9.14 | batch_size 500 | valid_perplexity 16.8
INFO: Epoch 066: loss 2.451 | lr 0.0003 | num_tokens 12.74 | batch_size 100 | grad_norm 14.3 | clip 0.94
INFO: Epoch 066: valid_loss 2.81 | num_tokens 9.14 | batch_size 500 | valid_perplexity 16.6
INFO: Epoch 067: loss 2.434 | lr 0.0003 | num_tokens 12.74 | batch_size 100 | grad_norm 13.1 | clip 0.9333
INFO: Epoch 067: valid_loss 2.79 | num_tokens 9.14 | batch_size 500 | valid_perplexity 16.3
INFO: Epoch 068: loss 2.412 | lr 0.0003 | num_tokens 12.74 | batch_size 100 | grad_norm 12.89 | clip 0.94
INFO: Epoch 068: valid_loss 2.79 | num_tokens 9.14 | batch_size 500 | valid_perplexity 16.3
INFO: Epoch 069: loss 2.394 | lr 0.0003 | num_tokens 12.74 | batch_size 100 | grad_norm 13.94 | clip 0.9467
INFO: Epoch 069: valid_loss 2.78 | num_tokens 9.14 | batch_size 500 | valid_perplexity 16.2
INFO: Epoch 070: loss 2.372 | lr 0.0003 | num_tokens 12.74 | batch_size 100 | grad_norm 12.36 | clip 0.94
INFO: Epoch 070: valid_loss 2.77 | num_tokens 9.14 | batch_size 500 | valid_perplexity 16
INFO: Epoch 071: loss 2.352 | lr 0.0003 | num_tokens 12.74 | batch_size 100 | grad_norm 15.24 | clip 0.94
INFO: Epoch 071: valid_loss 2.75 | num_tokens 9.14 | batch_size 500 | valid_perplexity 15.7
INFO: Epoch 072: loss 2.338 | lr 0.0003 | num_tokens 12.74 | batch_size 100 | grad_norm 14.38 | clip 0.9467
INFO: Epoch 072: valid_loss 2.76 | num_tokens 9.14 | batch_size 500 | valid_perplexity 15.8
INFO: Epoch 073: loss 2.319 | lr 0.0003 | num_tokens 12.74 | batch_size 100 | grad_norm 12.85 | clip 0.96
INFO: Epoch 073: valid_loss 2.74 | num_tokens 9.14 | batch_size 500 | valid_perplexity 15.4
INFO: Epoch 074: loss 2.298 | lr 0.0003 | num_tokens 12.74 | batch_size 100 | grad_norm 13.46 | clip 0.94
INFO: Epoch 074: valid_loss 2.73 | num_tokens 9.14 | batch_size 500 | valid_perplexity 15.4
INFO: Epoch 075: loss 2.281 | lr 0.0003 | num_tokens 12.74 | batch_size 100 | grad_norm 13.66 | clip 0.9533
INFO: Epoch 075: valid_loss 2.72 | num_tokens 9.14 | batch_size 500 | valid_perplexity 15.2
INFO: Epoch 076: loss 2.262 | lr 0.0003 | num_tokens 12.74 | batch_size 100 | grad_norm 13.24 | clip 0.9467
INFO: Epoch 076: valid_loss 2.71 | num_tokens 9.14 | batch_size 500 | valid_perplexity 15
INFO: Epoch 077: loss 2.247 | lr 0.0003 | num_tokens 12.74 | batch_size 100 | grad_norm 13.88 | clip 0.9467
INFO: Epoch 077: valid_loss 2.7 | num_tokens 9.14 | batch_size 500 | valid_perplexity 14.9
INFO: Epoch 078: loss 2.229 | lr 0.0003 | num_tokens 12.74 | batch_size 100 | grad_norm 14.43 | clip 0.9533
INFO: Epoch 078: valid_loss 2.7 | num_tokens 9.14 | batch_size 500 | valid_perplexity 14.8
INFO: Epoch 079: loss 2.212 | lr 0.0003 | num_tokens 12.74 | batch_size 100 | grad_norm 16.73 | clip 0.96
INFO: Epoch 079: valid_loss 2.68 | num_tokens 9.14 | batch_size 500 | valid_perplexity 14.6
INFO: Epoch 080: loss 2.194 | lr 0.0003 | num_tokens 12.74 | batch_size 100 | grad_norm 13.45 | clip 0.9467
INFO: Epoch 080: valid_loss 2.67 | num_tokens 9.14 | batch_size 500 | valid_perplexity 14.5
INFO: Epoch 081: loss 2.171 | lr 0.0003 | num_tokens 12.74 | batch_size 100 | grad_norm 13.04 | clip 0.9533
INFO: Epoch 081: valid_loss 2.67 | num_tokens 9.14 | batch_size 500 | valid_perplexity 14.5
INFO: Epoch 082: loss 2.159 | lr 0.0003 | num_tokens 12.74 | batch_size 100 | grad_norm 13.65 | clip 0.96
INFO: Epoch 082: valid_loss 2.67 | num_tokens 9.14 | batch_size 500 | valid_perplexity 14.4
INFO: Epoch 083: loss 2.14 | lr 0.0003 | num_tokens 12.74 | batch_size 100 | grad_norm 13.4 | clip 0.9667
INFO: Epoch 083: valid_loss 2.66 | num_tokens 9.14 | batch_size 500 | valid_perplexity 14.4
INFO: Epoch 084: loss 2.128 | lr 0.0003 | num_tokens 12.74 | batch_size 100 | grad_norm 15.48 | clip 0.96
INFO: Epoch 084: valid_loss 2.64 | num_tokens 9.14 | batch_size 500 | valid_perplexity 14
INFO: Epoch 085: loss 2.106 | lr 0.0003 | num_tokens 12.74 | batch_size 100 | grad_norm 13.68 | clip 0.96
INFO: Epoch 085: valid_loss 2.64 | num_tokens 9.14 | batch_size 500 | valid_perplexity 14.1
INFO: Epoch 086: loss 2.09 | lr 0.0003 | num_tokens 12.74 | batch_size 100 | grad_norm 14.13 | clip 0.96
INFO: Epoch 086: valid_loss 2.63 | num_tokens 9.14 | batch_size 500 | valid_perplexity 13.9
INFO: Epoch 087: loss 2.08 | lr 0.0003 | num_tokens 12.74 | batch_size 100 | grad_norm 13.98 | clip 0.9667
INFO: Epoch 087: valid_loss 2.62 | num_tokens 9.14 | batch_size 500 | valid_perplexity 13.7
INFO: Epoch 088: loss 2.066 | lr 0.0003 | num_tokens 12.74 | batch_size 100 | grad_norm 13.17 | clip 0.9667
INFO: Epoch 088: valid_loss 2.61 | num_tokens 9.14 | batch_size 500 | valid_perplexity 13.6
INFO: Epoch 089: loss 2.047 | lr 0.0003 | num_tokens 12.74 | batch_size 100 | grad_norm 13.68 | clip 0.96
INFO: Epoch 089: valid_loss 2.61 | num_tokens 9.14 | batch_size 500 | valid_perplexity 13.6
INFO: Epoch 090: loss 2.029 | lr 0.0003 | num_tokens 12.74 | batch_size 100 | grad_norm 14.99 | clip 0.96
INFO: Epoch 090: valid_loss 2.6 | num_tokens 9.14 | batch_size 500 | valid_perplexity 13.5
INFO: Epoch 091: loss 2.018 | lr 0.0003 | num_tokens 12.74 | batch_size 100 | grad_norm 14.8 | clip 0.9667
INFO: Epoch 091: valid_loss 2.6 | num_tokens 9.14 | batch_size 500 | valid_perplexity 13.4
INFO: Epoch 092: loss 2.003 | lr 0.0003 | num_tokens 12.74 | batch_size 100 | grad_norm 13.24 | clip 0.9667
INFO: Epoch 092: valid_loss 2.59 | num_tokens 9.14 | batch_size 500 | valid_perplexity 13.3
INFO: Epoch 093: loss 1.99 | lr 0.0003 | num_tokens 12.74 | batch_size 100 | grad_norm 14.88 | clip 0.96
INFO: Epoch 093: valid_loss 2.57 | num_tokens 9.14 | batch_size 500 | valid_perplexity 13
INFO: Epoch 094: loss 1.973 | lr 0.0003 | num_tokens 12.74 | batch_size 100 | grad_norm 13.94 | clip 0.94
INFO: Epoch 094: valid_loss 2.57 | num_tokens 9.14 | batch_size 500 | valid_perplexity 13.1
INFO: Epoch 095: loss 1.96 | lr 0.0003 | num_tokens 12.74 | batch_size 100 | grad_norm 14.17 | clip 0.9667
INFO: Epoch 095: valid_loss 2.56 | num_tokens 9.14 | batch_size 500 | valid_perplexity 12.9
INFO: Epoch 096: loss 1.947 | lr 0.0003 | num_tokens 12.74 | batch_size 100 | grad_norm 13.86 | clip 0.96
INFO: Epoch 096: valid_loss 2.57 | num_tokens 9.14 | batch_size 500 | valid_perplexity 13
INFO: Epoch 097: loss 1.928 | lr 0.0003 | num_tokens 12.74 | batch_size 100 | grad_norm 14.46 | clip 0.9533
INFO: Epoch 097: valid_loss 2.56 | num_tokens 9.14 | batch_size 500 | valid_perplexity 12.9
INFO: Epoch 098: loss 1.917 | lr 0.0003 | num_tokens 12.74 | batch_size 100 | grad_norm 14.04 | clip 0.9667
INFO: Epoch 098: valid_loss 2.55 | num_tokens 9.14 | batch_size 500 | valid_perplexity 12.8
INFO: Epoch 099: loss 1.907 | lr 0.0003 | num_tokens 12.74 | batch_size 100 | grad_norm 14.77 | clip 0.96
INFO: Epoch 099: valid_loss 2.54 | num_tokens 9.14 | batch_size 500 | valid_perplexity 12.7
INFO: Epoch 100: loss 1.889 | lr 0.0003 | num_tokens 12.74 | batch_size 100 | grad_norm 13.85 | clip 0.9667
INFO: Epoch 100: valid_loss 2.53 | num_tokens 9.14 | batch_size 500 | valid_perplexity 12.5
INFO: Epoch 101: loss 1.875 | lr 0.0003 | num_tokens 12.74 | batch_size 100 | grad_norm 13.91 | clip 0.9667
INFO: Epoch 101: valid_loss 2.53 | num_tokens 9.14 | batch_size 500 | valid_perplexity 12.5
INFO: Epoch 102: loss 1.866 | lr 0.0003 | num_tokens 12.74 | batch_size 100 | grad_norm 13.96 | clip 0.9733
INFO: Epoch 102: valid_loss 2.52 | num_tokens 9.14 | batch_size 500 | valid_perplexity 12.5
INFO: Epoch 103: loss 1.85 | lr 0.0003 | num_tokens 12.74 | batch_size 100 | grad_norm 14.33 | clip 0.9667
INFO: Epoch 103: valid_loss 2.52 | num_tokens 9.14 | batch_size 500 | valid_perplexity 12.4
INFO: Epoch 104: loss 1.837 | lr 0.0003 | num_tokens 12.74 | batch_size 100 | grad_norm 15.31 | clip 0.9667
INFO: Epoch 104: valid_loss 2.51 | num_tokens 9.14 | batch_size 500 | valid_perplexity 12.3
INFO: Epoch 105: loss 1.826 | lr 0.0003 | num_tokens 12.74 | batch_size 100 | grad_norm 14.35 | clip 0.9733
INFO: Epoch 105: valid_loss 2.5 | num_tokens 9.14 | batch_size 500 | valid_perplexity 12.2
INFO: Epoch 106: loss 1.812 | lr 0.0003 | num_tokens 12.74 | batch_size 100 | grad_norm 13.81 | clip 0.96
INFO: Epoch 106: valid_loss 2.5 | num_tokens 9.14 | batch_size 500 | valid_perplexity 12.2
INFO: Epoch 107: loss 1.796 | lr 0.0003 | num_tokens 12.74 | batch_size 100 | grad_norm 15.73 | clip 0.96
INFO: Epoch 107: valid_loss 2.5 | num_tokens 9.14 | batch_size 500 | valid_perplexity 12.2
INFO: Epoch 108: loss 1.786 | lr 0.0003 | num_tokens 12.74 | batch_size 100 | grad_norm 15.76 | clip 0.98
INFO: Epoch 108: valid_loss 2.5 | num_tokens 9.14 | batch_size 500 | valid_perplexity 12.2
INFO: Epoch 109: loss 1.779 | lr 0.0003 | num_tokens 12.74 | batch_size 100 | grad_norm 19.19 | clip 0.96
INFO: Epoch 109: valid_loss 2.5 | num_tokens 9.14 | batch_size 500 | valid_perplexity 12.1
INFO: Epoch 110: loss 1.766 | lr 0.0003 | num_tokens 12.74 | batch_size 100 | grad_norm 14.9 | clip 0.9467
INFO: Epoch 110: valid_loss 2.49 | num_tokens 9.14 | batch_size 500 | valid_perplexity 12.1
INFO: Epoch 111: loss 1.755 | lr 0.0003 | num_tokens 12.74 | batch_size 100 | grad_norm 14.81 | clip 0.9733
INFO: Epoch 111: valid_loss 2.49 | num_tokens 9.14 | batch_size 500 | valid_perplexity 12
INFO: Epoch 112: loss 1.743 | lr 0.0003 | num_tokens 12.74 | batch_size 100 | grad_norm 14.34 | clip 0.9667
INFO: Epoch 112: valid_loss 2.48 | num_tokens 9.14 | batch_size 500 | valid_perplexity 12
INFO: Epoch 113: loss 1.727 | lr 0.0003 | num_tokens 12.74 | batch_size 100 | grad_norm 14.21 | clip 0.96
INFO: Epoch 113: valid_loss 2.47 | num_tokens 9.14 | batch_size 500 | valid_perplexity 11.8
INFO: Epoch 114: loss 1.716 | lr 0.0003 | num_tokens 12.74 | batch_size 100 | grad_norm 13.94 | clip 0.96
INFO: Epoch 114: valid_loss 2.49 | num_tokens 9.14 | batch_size 500 | valid_perplexity 12
INFO: Epoch 115: loss 1.706 | lr 0.0003 | num_tokens 12.74 | batch_size 100 | grad_norm 15.75 | clip 0.9667
INFO: Epoch 115: valid_loss 2.48 | num_tokens 9.14 | batch_size 500 | valid_perplexity 11.9
INFO: Epoch 116: loss 1.696 | lr 0.0003 | num_tokens 12.74 | batch_size 100 | grad_norm 14.96 | clip 0.9533
INFO: Epoch 116: valid_loss 2.47 | num_tokens 9.14 | batch_size 500 | valid_perplexity 11.8
INFO: Epoch 117: loss 1.685 | lr 0.0003 | num_tokens 12.74 | batch_size 100 | grad_norm 14.43 | clip 0.9667
INFO: Epoch 117: valid_loss 2.45 | num_tokens 9.14 | batch_size 500 | valid_perplexity 11.6
INFO: Epoch 118: loss 1.679 | lr 0.0003 | num_tokens 12.74 | batch_size 100 | grad_norm 14.72 | clip 0.96
INFO: Epoch 118: valid_loss 2.46 | num_tokens 9.14 | batch_size 500 | valid_perplexity 11.7
INFO: Epoch 119: loss 1.663 | lr 0.0003 | num_tokens 12.74 | batch_size 100 | grad_norm 17.17 | clip 0.9667
INFO: Epoch 119: valid_loss 2.46 | num_tokens 9.14 | batch_size 500 | valid_perplexity 11.7
INFO: Epoch 120: loss 1.655 | lr 0.0003 | num_tokens 12.74 | batch_size 100 | grad_norm 14.42 | clip 0.9733
INFO: Epoch 120: valid_loss 2.45 | num_tokens 9.14 | batch_size 500 | valid_perplexity 11.6
INFO: Epoch 121: loss 1.644 | lr 0.0003 | num_tokens 12.74 | batch_size 100 | grad_norm 15.59 | clip 0.9667
INFO: Epoch 121: valid_loss 2.44 | num_tokens 9.14 | batch_size 500 | valid_perplexity 11.5
INFO: Epoch 122: loss 1.637 | lr 0.0003 | num_tokens 12.74 | batch_size 100 | grad_norm 15.17 | clip 0.9467
INFO: Epoch 122: valid_loss 2.45 | num_tokens 9.14 | batch_size 500 | valid_perplexity 11.6
INFO: Epoch 123: loss 1.629 | lr 0.0003 | num_tokens 12.74 | batch_size 100 | grad_norm 14.39 | clip 0.9667
INFO: Epoch 123: valid_loss 2.43 | num_tokens 9.14 | batch_size 500 | valid_perplexity 11.4
INFO: Epoch 124: loss 1.614 | lr 0.0003 | num_tokens 12.74 | batch_size 100 | grad_norm 14.3 | clip 0.9667
INFO: Epoch 124: valid_loss 2.44 | num_tokens 9.14 | batch_size 500 | valid_perplexity 11.4
INFO: Epoch 125: loss 1.61 | lr 0.0003 | num_tokens 12.74 | batch_size 100 | grad_norm 14.62 | clip 0.9733
INFO: Epoch 125: valid_loss 2.44 | num_tokens 9.14 | batch_size 500 | valid_perplexity 11.4
INFO: Epoch 126: loss 1.596 | lr 0.0003 | num_tokens 12.74 | batch_size 100 | grad_norm 15.36 | clip 0.9533
INFO: Epoch 126: valid_loss 2.43 | num_tokens 9.14 | batch_size 500 | valid_perplexity 11.3
INFO: Epoch 127: loss 1.589 | lr 0.0003 | num_tokens 12.74 | batch_size 100 | grad_norm 15.67 | clip 0.96
INFO: Epoch 127: valid_loss 2.43 | num_tokens 9.14 | batch_size 500 | valid_perplexity 11.4
INFO: Epoch 128: loss 1.582 | lr 0.0003 | num_tokens 12.74 | batch_size 100 | grad_norm 14.69 | clip 0.9733
INFO: Epoch 128: valid_loss 2.44 | num_tokens 9.14 | batch_size 500 | valid_perplexity 11.4
INFO: Epoch 129: loss 1.57 | lr 0.0003 | num_tokens 12.74 | batch_size 100 | grad_norm 14.64 | clip 0.9733
INFO: Epoch 129: valid_loss 2.42 | num_tokens 9.14 | batch_size 500 | valid_perplexity 11.3
INFO: Epoch 130: loss 1.561 | lr 0.0003 | num_tokens 12.74 | batch_size 100 | grad_norm 15.12 | clip 0.9667
INFO: Epoch 130: valid_loss 2.43 | num_tokens 9.14 | batch_size 500 | valid_perplexity 11.3
INFO: Epoch 131: loss 1.55 | lr 0.0003 | num_tokens 12.74 | batch_size 100 | grad_norm 15.24 | clip 0.9533
INFO: Epoch 131: valid_loss 2.42 | num_tokens 9.14 | batch_size 500 | valid_perplexity 11.3
INFO: Epoch 132: loss 1.545 | lr 0.0003 | num_tokens 12.74 | batch_size 100 | grad_norm 14.61 | clip 0.9533
INFO: Epoch 132: valid_loss 2.41 | num_tokens 9.14 | batch_size 500 | valid_perplexity 11.2
INFO: Epoch 133: loss 1.538 | lr 0.0003 | num_tokens 12.74 | batch_size 100 | grad_norm 14.54 | clip 0.9733
INFO: Epoch 133: valid_loss 2.41 | num_tokens 9.14 | batch_size 500 | valid_perplexity 11.1
INFO: Epoch 134: loss 1.527 | lr 0.0003 | num_tokens 12.74 | batch_size 100 | grad_norm 15.84 | clip 0.9667
INFO: Epoch 134: valid_loss 2.42 | num_tokens 9.14 | batch_size 500 | valid_perplexity 11.2
INFO: Epoch 135: loss 1.517 | lr 0.0003 | num_tokens 12.74 | batch_size 100 | grad_norm 14.47 | clip 0.9733
INFO: Epoch 135: valid_loss 2.41 | num_tokens 9.14 | batch_size 500 | valid_perplexity 11.1
INFO: Epoch 136: loss 1.509 | lr 0.0003 | num_tokens 12.74 | batch_size 100 | grad_norm 14.74 | clip 0.9733
INFO: Epoch 136: valid_loss 2.4 | num_tokens 9.14 | batch_size 500 | valid_perplexity 11.1
INFO: Epoch 137: loss 1.501 | lr 0.0003 | num_tokens 12.74 | batch_size 100 | grad_norm 15.4 | clip 0.96
INFO: Epoch 137: valid_loss 2.41 | num_tokens 9.14 | batch_size 500 | valid_perplexity 11.1
INFO: Epoch 138: loss 1.497 | lr 0.0003 | num_tokens 12.74 | batch_size 100 | grad_norm 14.91 | clip 0.9733
INFO: Epoch 138: valid_loss 2.4 | num_tokens 9.14 | batch_size 500 | valid_perplexity 11
INFO: Epoch 139: loss 1.481 | lr 0.0003 | num_tokens 12.74 | batch_size 100 | grad_norm 14.52 | clip 0.96
INFO: Epoch 139: valid_loss 2.39 | num_tokens 9.14 | batch_size 500 | valid_perplexity 11
INFO: Epoch 140: loss 1.474 | lr 0.0003 | num_tokens 12.74 | batch_size 100 | grad_norm 15.02 | clip 0.9533
INFO: Epoch 140: valid_loss 2.4 | num_tokens 9.14 | batch_size 500 | valid_perplexity 11
INFO: Epoch 141: loss 1.468 | lr 0.0003 | num_tokens 12.74 | batch_size 100 | grad_norm 14.96 | clip 0.9733
INFO: Epoch 141: valid_loss 2.4 | num_tokens 9.14 | batch_size 500 | valid_perplexity 11
INFO: Epoch 142: loss 1.461 | lr 0.0003 | num_tokens 12.74 | batch_size 100 | grad_norm 19.29 | clip 0.9667
INFO: Epoch 142: valid_loss 2.39 | num_tokens 9.14 | batch_size 500 | valid_perplexity 10.9
INFO: Epoch 143: loss 1.459 | lr 0.0003 | num_tokens 12.74 | batch_size 100 | grad_norm 14.68 | clip 0.9667
INFO: Epoch 143: valid_loss 2.39 | num_tokens 9.14 | batch_size 500 | valid_perplexity 11
INFO: Epoch 144: loss 1.45 | lr 0.0003 | num_tokens 12.74 | batch_size 100 | grad_norm 14.64 | clip 0.9667
INFO: Epoch 144: valid_loss 2.39 | num_tokens 9.14 | batch_size 500 | valid_perplexity 10.9
INFO: Epoch 145: loss 1.437 | lr 0.0003 | num_tokens 12.74 | batch_size 100 | grad_norm 14.7 | clip 0.96
INFO: Epoch 145: valid_loss 2.38 | num_tokens 9.14 | batch_size 500 | valid_perplexity 10.8
INFO: Epoch 146: loss 1.432 | lr 0.0003 | num_tokens 12.74 | batch_size 100 | grad_norm 14.9 | clip 0.96
INFO: Epoch 146: valid_loss 2.38 | num_tokens 9.14 | batch_size 500 | valid_perplexity 10.8
INFO: Epoch 147: loss 1.423 | lr 0.0003 | num_tokens 12.74 | batch_size 100 | grad_norm 14.8 | clip 0.9667
INFO: Epoch 147: valid_loss 2.37 | num_tokens 9.14 | batch_size 500 | valid_perplexity 10.6
INFO: Epoch 148: loss 1.415 | lr 0.0003 | num_tokens 12.74 | batch_size 100 | grad_norm 15.14 | clip 0.96
INFO: Epoch 148: valid_loss 2.38 | num_tokens 9.14 | batch_size 500 | valid_perplexity 10.8
INFO: Epoch 149: loss 1.415 | lr 0.0003 | num_tokens 12.74 | batch_size 100 | grad_norm 15.1 | clip 0.96
INFO: Epoch 149: valid_loss 2.37 | num_tokens 9.14 | batch_size 500 | valid_perplexity 10.7
INFO: Epoch 150: loss 1.405 | lr 0.0003 | num_tokens 12.74 | batch_size 100 | grad_norm 14.8 | clip 0.9733
INFO: Epoch 150: valid_loss 2.37 | num_tokens 9.14 | batch_size 500 | valid_perplexity 10.7
INFO: No validation set improvements observed for 3 epochs. Early stop!
